<?xml version="1.0" encoding="UTF-8"?>
<!-- Generated by org.testng.reporters.JUnitXMLReporter -->
<testsuite ignored="0" hostname="Pruthvi" failures="0" tests="3" name="Wishlist Tests" time="21.325" errors="0" timestamp="2025-09-08T15:32:24 IST">
  <testcase classname="testcases.WishlistTest" name="addProductToWishlist" time="11.025"/>
  <testcase classname="testcases.WishlistTest" name="viewWishlistAndMoveToCart" time="10.246"/>
  <testcase classname="testcases.WishlistTest" name="removeWishlistItem" time="0.008"/>
</testsuite> <!-- Wishlist Tests -->
