<!DOCTYPE html PUBLIC "-//W3C//DTD XHTML 1.1//EN" "https://www.w3.org/TR/xhtml11/DTD/xhtml11.dtd">
<html xmlns="https://www.w3.org/1999/xhtml">
<head>
<meta http-equiv="content-type" content="text/html; charset=UTF-8"/>
<title>TestNG Report</title>
<style type="text/css">table {margin-bottom:10px;border-collapse:collapse;empty-cells:show}th,td {border:1px solid #009;padding:.25em .5em}th {vertical-align:bottom}td {vertical-align:top}table a {font-weight:bold}.stripe td {background-color: #E6EBF9}.num {text-align:right}.passedodd td {background-color: #3F3}.passedeven td {background-color: #0A0}.skippedodd td {background-color: #DDD}.skippedeven td {background-color: #CCC}.failedodd td,.attn {background-color: #F33}.failedeven td,.stripe .attn {background-color: #D00}.stacktrace {white-space:pre;font-family:monospace}.totop {font-size:85%;text-align:center;border-bottom:2px solid #000}.invisible {display:none}</style>
</head>
<body>
<table>
<tr><th>Test</th><th># Passed</th><th># Skipped</th><th># Retried</th><th># Failed</th><th>Time (ms)</th><th>Included Groups</th><th>Excluded Groups</th></tr>
<tr><th colspan="8">NopCommerce Suite</th></tr>
<tr><td><a href="#t0">Smoke</a></td><td class="num">8</td><td class="num attn">1</td><td class="num">0</td><td class="num attn">2</td><td class="num">70,129</td><td></td><td></td></tr>
</table>
<table id='summary'><thead><tr><th>Class</th><th>Method</th><th>Start</th><th>Time (ms)</th></tr></thead><tbody><tr><th colspan="4">NopCommerce Suite</th></tr></tbody><tbody id="t0"><tr><th colspan="4">Smoke &#8212; failed (configuration methods)</th></tr><tr class="failedeven"><td rowspan="1">testcases.PriceFilterTest</td><td><a href="#m0">setup</a></td><td rowspan="1">1757322016402</td><td rowspan="1">1</td></tr><tr><th colspan="4">Smoke &#8212; failed</th></tr><tr class="failedeven"><td rowspan="1">testcases.LoginTest</td><td><a href="#m1">loginInvalid</a></td><td rowspan="1">1757321950393</td><td rowspan="1">15</td></tr><tr class="failedodd"><td rowspan="1">testcases.ProductAndCartTest</td><td><a href="#m2">addToCartAndVerifyHeader</a></td><td rowspan="1">1757321953473</td><td rowspan="1">12111</td></tr><tr><th colspan="4">Smoke &#8212; skipped (configuration methods)</th></tr><tr class="skippedeven"><td rowspan="1">testcases.PriceFilterTest</td><td><a href="#m3">teardown</a></td><td rowspan="1">1757322016409</td><td rowspan="1">0</td></tr><tr><th colspan="4">Smoke &#8212; skipped</th></tr><tr class="skippedeven"><td rowspan="1">testcases.PriceFilterTest</td><td><a href="#m4">filterByPriceRange</a></td><td rowspan="1">1757322016406</td><td rowspan="1">1</td></tr><tr><th colspan="4">Smoke &#8212; passed</th></tr><tr class="passedeven"><td rowspan="1">testcases.LoginTest</td><td><a href="#m5">loginValid</a></td><td rowspan="1">1757321949125</td><td rowspan="1">1267</td></tr><tr class="passedodd"><td rowspan="1">testcases.ProductAndCartTest</td><td><a href="#m6">viewCartAndVerifyQuantity</a></td><td rowspan="1">1757321965756</td><td rowspan="1">1970</td></tr><tr class="passedeven"><td rowspan="1">testcases.RegisterTest</td><td><a href="#m7">registerNewUser</a></td><td rowspan="1">1757321946327</td><td rowspan="1">2789</td></tr><tr class="passedodd"><td rowspan="2">testcases.SearchTest</td><td><a href="#m8">searchProductByName</a></td><td rowspan="1">1757321950708</td><td rowspan="1">1538</td></tr><tr class="passedodd"><td><a href="#m9">searchResultValidation</a></td><td rowspan="1">1757321952248</td><td rowspan="1">1220</td></tr><tr class="passedeven"><td rowspan="3">testcases.WishlistTest</td><td><a href="#m10">addProductToWishlist</a></td><td rowspan="1">1757321967732</td><td rowspan="1">10698</td></tr><tr class="passedeven"><td><a href="#m11">removeWishlistItem</a></td><td rowspan="1">1757322003521</td><td rowspan="1">12880</td></tr><tr class="passedeven"><td><a href="#m12">viewWishlistAndMoveToCart</a></td><td rowspan="1">1757321978431</td><td rowspan="1">25088</td></tr></tbody>
</table>
<h2>Smoke</h2><h3 id="m0">testcases.PriceFilterTest#setup</h3><table class="result"><tr class="param"><th>Parameter #1</th></tr><tr class="param stripe"><td>chrome</td></tr><tr><th>Exception</th></tr><tr><td><div class="stacktrace">java.lang.NullPointerException: Cannot invoke &quot;org.openqa.selenium.support.ui.WebDriverWait.until(java.util.function.Function)&quot; because &quot;this.wait&quot; is null
	at Pages.FiltersPage.&lt;init&gt;(FiltersPage.java:20)
	at testcases.PriceFilterTest.setup(PriceFilterTest.java:21)
	at java.base/java.util.ArrayList.forEach(ArrayList.java:1596)
... Removed 23 stack frames</div></td></tr></table><p class="totop"><a href="#summary">back to summary</a></p>
<h3 id="m1">testcases.LoginTest#loginInvalid</h3><table class="result"><tr><th>Exception</th></tr><tr><td><div class="stacktrace">org.openqa.selenium.UnhandledAlertException: unexpected alert open: {Alert text : Please enter some search keyword}
  (Session info: chrome=139.0.7258.155): Please enter some search keyword
Build info: version: &apos;4.35.0&apos;, revision: &apos;1c58e5028b&apos;
System info: os.name: &apos;Windows 11&apos;, os.arch: &apos;amd64&apos;, os.version: &apos;10.0&apos;, java.version: &apos;21.0.7&apos;
Driver info: org.openqa.selenium.chrome.ChromeDriver
Command: [132ee83fe2d124ea339e26443ab84f3e, get {url=https://demo.nopcommerce.com/login}]
Capabilities {acceptInsecureCerts: false, browserName: chrome, browserVersion: 139.0.7258.155, chrome: {chromedriverVersion: 139.0.7258.154 (9e0d6b2b47f..., userDataDir: C:\Users\PRUTHV~1\AppData\L...}, fedcm:accounts: true, goog:chromeOptions: {debuggerAddress: localhost:60898}, networkConnectionEnabled: false, pageLoadStrategy: normal, platformName: windows, proxy: Proxy(), se:cdp: ws://localhost:60898/devtoo..., se:cdpVersion: 139.0.7258.155, setWindowRect: true, strictFileInteractability: false, timeouts: {implicit: 0, pageLoad: 300000, script: 30000}, unhandledPromptBehavior: dismiss and notify, webauthn:extension:credBlob: true, webauthn:extension:largeBlob: true, webauthn:extension:minPinLength: true, webauthn:extension:prf: true, webauthn:virtualAuthenticators: true}
Session ID: 132ee83fe2d124ea339e26443ab84f3e
	at org.openqa.selenium.remote.codec.w3c.W3CHttpResponseCodec.decode(W3CHttpResponseCodec.java:136)
	at org.openqa.selenium.remote.codec.w3c.W3CHttpResponseCodec.decode(W3CHttpResponseCodec.java:50)
	at org.openqa.selenium.remote.HttpCommandExecutor.execute(HttpCommandExecutor.java:215)
	at org.openqa.selenium.remote.service.DriverCommandExecutor.invokeExecute(DriverCommandExecutor.java:216)
	at org.openqa.selenium.remote.service.DriverCommandExecutor.execute(DriverCommandExecutor.java:174)
	at org.openqa.selenium.remote.RemoteWebDriver.execute(RemoteWebDriver.java:557)
	at org.openqa.selenium.remote.RemoteWebDriver.get(RemoteWebDriver.java:325)
	at testcases.LoginTest.loginInvalid(LoginTest.java:24)
	at java.base/java.util.ArrayList.forEach(ArrayList.java:1596)
... Removed 25 stack frames</div></td></tr></table><p class="totop"><a href="#summary">back to summary</a></p>
<h3 id="m2">testcases.ProductAndCartTest#addToCartAndVerifyHeader</h3><table class="result"><tr><th>Exception</th></tr><tr><td><div class="stacktrace">java.lang.AssertionError: Header cart qty didn&apos;t update. expected [true] but found [false]
	at testcases.ProductAndCartTest.addToCartAndVerifyHeader(ProductAndCartTest.java:38)
	at java.base/java.util.ArrayList.forEach(ArrayList.java:1596)
... Removed 28 stack frames</div></td></tr></table><p class="totop"><a href="#summary">back to summary</a></p>
<h3 id="m3">testcases.PriceFilterTest#teardown</h3><table class="result"><tr><th class="invisible"/></tr></table><p class="totop"><a href="#summary">back to summary</a></p>
<h3 id="m4">testcases.PriceFilterTest#filterByPriceRange</h3><table class="result"><tr><th>Exception</th></tr><tr><td><div class="stacktrace">java.lang.NullPointerException: Cannot invoke &quot;org.openqa.selenium.support.ui.WebDriverWait.until(java.util.function.Function)&quot; because &quot;this.wait&quot; is null
	at Pages.FiltersPage.&lt;init&gt;(FiltersPage.java:20)
	at testcases.PriceFilterTest.setup(PriceFilterTest.java:21)
	at java.base/java.util.ArrayList.forEach(ArrayList.java:1596)
... Removed 23 stack frames</div></td></tr></table><p class="totop"><a href="#summary">back to summary</a></p>
<h3 id="m5">testcases.LoginTest#loginValid</h3><table class="result"><tr><th class="invisible"/></tr></table><p class="totop"><a href="#summary">back to summary</a></p>
<h3 id="m6">testcases.ProductAndCartTest#viewCartAndVerifyQuantity</h3><table class="result"><tr><th class="invisible"/></tr></table><p class="totop"><a href="#summary">back to summary</a></p>
<h3 id="m7">testcases.RegisterTest#registerNewUser</h3><table class="result"><tr><th class="invisible"/></tr></table><p class="totop"><a href="#summary">back to summary</a></p>
<h3 id="m8">testcases.SearchTest#searchProductByName</h3><table class="result"><tr><th class="invisible"/></tr></table><p class="totop"><a href="#summary">back to summary</a></p>
<h3 id="m9">testcases.SearchTest#searchResultValidation</h3><table class="result"><tr><th class="invisible"/></tr></table><p class="totop"><a href="#summary">back to summary</a></p>
<h3 id="m10">testcases.WishlistTest#addProductToWishlist</h3><table class="result"><tr><th class="invisible"/></tr></table><p class="totop"><a href="#summary">back to summary</a></p>
<h3 id="m11">testcases.WishlistTest#removeWishlistItem</h3><table class="result"><tr><th class="invisible"/></tr></table><p class="totop"><a href="#summary">back to summary</a></p>
<h3 id="m12">testcases.WishlistTest#viewWishlistAndMoveToCart</h3><table class="result"><tr><th class="invisible"/></tr></table><p class="totop"><a href="#summary">back to summary</a></p>
</body>
</html>
