<?xml version="1.0" encoding="UTF-8"?>
<testng-results ignored="0" total="10" passed="8" failed="2" skipped="0">
  <reporter-output>
  </reporter-output>
  <suite started-at="2025-09-09T10:57:42 IST" name="NopCommerce Suite" finished-at="2025-09-09T10:58:50 IST" duration-ms="67924">
    <groups>
    </groups>
    <test started-at="2025-09-09T10:57:42 IST" name="Smoke" finished-at="2025-09-09T10:58:50 IST" duration-ms="67924">
      <class name="testcases.RegisterTest">
        <test-method is-config="true" signature="beforeSuite(java.lang.String)[pri:0, instance:testcases.RegisterTest@58a9760d]" started-at="2025-09-09T10:57:40 IST" name="beforeSuite" finished-at="2025-09-09T10:57:42 IST" duration-ms="2063" status="PASS">
          <params>
            <param index="0">
              <value is-null="true"/>
            </param>
          </params>
          <reporter-output>
          </reporter-output>
        </test-method> <!-- beforeSuite -->
        <test-method is-config="true" signature="init()[pri:0, instance:testcases.RegisterTest@58a9760d]" started-at="2025-09-09T10:57:42 IST" name="init" finished-at="2025-09-09T10:57:42 IST" duration-ms="6" status="PASS">
          <reporter-output>
          </reporter-output>
        </test-method> <!-- init -->
        <test-method signature="registerNewUser()[pri:1, instance:testcases.RegisterTest@58a9760d]" started-at="2025-09-09T10:57:42 IST" name="registerNewUser" finished-at="2025-09-09T10:57:46 IST" duration-ms="3651" status="PASS">
          <reporter-output>
          </reporter-output>
        </test-method> <!-- registerNewUser -->
        <test-method is-config="true" signature="afterSuite()[pri:0, instance:testcases.RegisterTest@58a9760d]" started-at="2025-09-09T10:58:50 IST" name="afterSuite" finished-at="2025-09-09T10:58:50 IST" duration-ms="286" status="PASS">
          <reporter-output>
          </reporter-output>
        </test-method> <!-- afterSuite -->
      </class> <!-- testcases.RegisterTest -->
      <class name="testcases.WishlistTest">
        <test-method is-config="true" signature="init()[pri:0, instance:testcases.WishlistTest@1190200a]" started-at="2025-09-09T10:58:01 IST" name="init" finished-at="2025-09-09T10:58:01 IST" duration-ms="3" status="PASS">
          <reporter-output>
          </reporter-output>
        </test-method> <!-- init -->
        <test-method signature="addProductToWishlist()[pri:8, instance:testcases.WishlistTest@1190200a]" started-at="2025-09-09T10:58:01 IST" name="addProductToWishlist" finished-at="2025-09-09T10:58:12 IST" duration-ms="10714" status="PASS">
          <reporter-output>
          </reporter-output>
        </test-method> <!-- addProductToWishlist -->
        <test-method signature="viewWishlistAndMoveToCart()[pri:9, instance:testcases.WishlistTest@1190200a]" started-at="2025-09-09T10:58:12 IST" name="viewWishlistAndMoveToCart" finished-at="2025-09-09T10:58:37 IST" duration-ms="25282" status="PASS">
          <reporter-output>
          </reporter-output>
        </test-method> <!-- viewWishlistAndMoveToCart -->
        <test-method signature="removeWishlistItem()[pri:10, instance:testcases.WishlistTest@1190200a]" started-at="2025-09-09T10:58:37 IST" name="removeWishlistItem" finished-at="2025-09-09T10:58:50 IST" duration-ms="12901" status="PASS">
          <reporter-output>
          </reporter-output>
        </test-method> <!-- removeWishlistItem -->
      </class> <!-- testcases.WishlistTest -->
      <class name="testcases.SearchTest">
        <test-method is-config="true" signature="init()[pri:0, instance:testcases.SearchTest@75db5df9]" started-at="2025-09-09T10:57:47 IST" name="init" finished-at="2025-09-09T10:57:47 IST" duration-ms="3" status="PASS">
          <reporter-output>
          </reporter-output>
        </test-method> <!-- init -->
        <test-method signature="searchProductByName()[pri:4, instance:testcases.SearchTest@75db5df9]" started-at="2025-09-09T10:57:47 IST" name="searchProductByName" finished-at="2025-09-09T10:57:49 IST" duration-ms="1750" status="PASS">
          <reporter-output>
          </reporter-output>
        </test-method> <!-- searchProductByName -->
        <test-method signature="searchResultValidation()[pri:5, instance:testcases.SearchTest@75db5df9]" started-at="2025-09-09T10:57:49 IST" name="searchResultValidation" finished-at="2025-09-09T10:57:50 IST" duration-ms="1368" status="PASS">
          <reporter-output>
          </reporter-output>
        </test-method> <!-- searchResultValidation -->
      </class> <!-- testcases.SearchTest -->
      <class name="testcases.LoginTest">
        <test-method is-config="true" signature="init()[pri:0, instance:testcases.LoginTest@33c911a1]" started-at="2025-09-09T10:57:46 IST" name="init" finished-at="2025-09-09T10:57:46 IST" duration-ms="2" status="PASS">
          <reporter-output>
          </reporter-output>
        </test-method> <!-- init -->
        <test-method signature="loginValid()[pri:2, instance:testcases.LoginTest@33c911a1]" started-at="2025-09-09T10:57:46 IST" name="loginValid" finished-at="2025-09-09T10:57:47 IST" duration-ms="1592" status="PASS">
          <reporter-output>
          </reporter-output>
        </test-method> <!-- loginValid -->
        <test-method signature="loginInvalid()[pri:3, instance:testcases.LoginTest@33c911a1]" started-at="2025-09-09T10:57:47 IST" name="loginInvalid" finished-at="2025-09-09T10:57:47 IST" duration-ms="25" status="FAIL">
          <exception class="org.openqa.selenium.UnhandledAlertException">
            <message>
              <![CDATA[unexpected alert open: {Alert text : Please enter some search keyword}
  (Session info: chrome=139.0.7258.155): Please enter some search keyword
Build info: version: '4.35.0', revision: '1c58e5028b'
System info: os.name: 'Windows 11', os.arch: 'amd64', os.version: '10.0', java.version: '21.0.7'
Driver info: org.openqa.selenium.chrome.ChromeDriver
Command: [a94c18a8fbaed840aac08ed47aee8c3e, get {url=https://demo.nopcommerce.com/login}]
Capabilities {acceptInsecureCerts: false, browserName: chrome, browserVersion: 139.0.7258.155, chrome: {chromedriverVersion: 139.0.7258.154 (9e0d6b2b47f..., userDataDir: C:\Users\PRUTHV~1\AppData\L...}, fedcm:accounts: true, goog:chromeOptions: {debuggerAddress: localhost:59847}, networkConnectionEnabled: false, pageLoadStrategy: normal, platformName: windows, proxy: Proxy(), se:cdp: ws://localhost:59847/devtoo..., se:cdpVersion: 139.0.7258.155, setWindowRect: true, strictFileInteractability: false, timeouts: {implicit: 0, pageLoad: 300000, script: 30000}, unhandledPromptBehavior: dismiss and notify, webauthn:extension:credBlob: true, webauthn:extension:largeBlob: true, webauthn:extension:minPinLength: true, webauthn:extension:prf: true, webauthn:virtualAuthenticators: true}
Session ID: a94c18a8fbaed840aac08ed47aee8c3e]]>
            </message>
            <full-stacktrace>
              <![CDATA[org.openqa.selenium.UnhandledAlertException: unexpected alert open: {Alert text : Please enter some search keyword}
  (Session info: chrome=139.0.7258.155): Please enter some search keyword
Build info: version: '4.35.0', revision: '1c58e5028b'
System info: os.name: 'Windows 11', os.arch: 'amd64', os.version: '10.0', java.version: '21.0.7'
Driver info: org.openqa.selenium.chrome.ChromeDriver
Command: [a94c18a8fbaed840aac08ed47aee8c3e, get {url=https://demo.nopcommerce.com/login}]
Capabilities {acceptInsecureCerts: false, browserName: chrome, browserVersion: 139.0.7258.155, chrome: {chromedriverVersion: 139.0.7258.154 (9e0d6b2b47f..., userDataDir: C:\Users\PRUTHV~1\AppData\L...}, fedcm:accounts: true, goog:chromeOptions: {debuggerAddress: localhost:59847}, networkConnectionEnabled: false, pageLoadStrategy: normal, platformName: windows, proxy: Proxy(), se:cdp: ws://localhost:59847/devtoo..., se:cdpVersion: 139.0.7258.155, setWindowRect: true, strictFileInteractability: false, timeouts: {implicit: 0, pageLoad: 300000, script: 30000}, unhandledPromptBehavior: dismiss and notify, webauthn:extension:credBlob: true, webauthn:extension:largeBlob: true, webauthn:extension:minPinLength: true, webauthn:extension:prf: true, webauthn:virtualAuthenticators: true}
Session ID: a94c18a8fbaed840aac08ed47aee8c3e
at org.openqa.selenium.remote.codec.w3c.W3CHttpResponseCodec.decode(W3CHttpResponseCodec.java:136)
at org.openqa.selenium.remote.codec.w3c.W3CHttpResponseCodec.decode(W3CHttpResponseCodec.java:50)
at org.openqa.selenium.remote.HttpCommandExecutor.execute(HttpCommandExecutor.java:215)
at org.openqa.selenium.remote.service.DriverCommandExecutor.invokeExecute(DriverCommandExecutor.java:216)
at org.openqa.selenium.remote.service.DriverCommandExecutor.execute(DriverCommandExecutor.java:174)
at org.openqa.selenium.remote.RemoteWebDriver.execute(RemoteWebDriver.java:557)
at org.openqa.selenium.remote.RemoteWebDriver.get(RemoteWebDriver.java:325)
at testcases.LoginTest.loginInvalid(LoginTest.java:24)
at java.base/jdk.internal.reflect.DirectMethodHandleAccessor.invoke(DirectMethodHandleAccessor.java:103)
at java.base/java.lang.reflect.Method.invoke(Method.java:580)
at org.testng.internal.invokers.MethodInvocationHelper.invokeMethod(MethodInvocationHelper.java:141)
at org.testng.internal.invokers.TestInvoker.invokeMethod(TestInvoker.java:687)
at org.testng.internal.invokers.TestInvoker.invokeTestMethod(TestInvoker.java:230)
at org.testng.internal.invokers.MethodRunner.runInSequence(MethodRunner.java:63)
at org.testng.internal.invokers.TestInvoker$MethodInvocationAgent.invoke(TestInvoker.java:995)
at org.testng.internal.invokers.TestInvoker.invokeTestMethods(TestInvoker.java:203)
at org.testng.internal.invokers.TestMethodWorker.invokeTestMethods(TestMethodWorker.java:154)
at org.testng.internal.invokers.TestMethodWorker.run(TestMethodWorker.java:134)
at java.base/java.util.ArrayList.forEach(ArrayList.java:1596)
at org.testng.TestRunner.privateRun(TestRunner.java:741)
at org.testng.TestRunner.run(TestRunner.java:616)
at org.testng.SuiteRunner.runTest(SuiteRunner.java:421)
at org.testng.SuiteRunner.runSequentially(SuiteRunner.java:413)
at org.testng.SuiteRunner.privateRun(SuiteRunner.java:373)
at org.testng.SuiteRunner.run(SuiteRunner.java:312)
at org.testng.SuiteRunnerWorker.runSuite(SuiteRunnerWorker.java:52)
at org.testng.SuiteRunnerWorker.run(SuiteRunnerWorker.java:95)
at org.testng.TestNG.runSuitesSequentially(TestNG.java:1274)
at org.testng.TestNG.runSuitesLocally(TestNG.java:1208)
at org.testng.TestNG.runSuites(TestNG.java:1112)
at org.testng.TestNG.run(TestNG.java:1079)
at org.testng.remote.AbstractRemoteTestNG.run(AbstractRemoteTestNG.java:115)
at org.testng.remote.RemoteTestNG.initAndRun(RemoteTestNG.java:293)
at org.testng.remote.RemoteTestNG.main(RemoteTestNG.java:91)
]]>
            </full-stacktrace>
          </exception> <!-- org.openqa.selenium.UnhandledAlertException -->
          <reporter-output>
          </reporter-output>
        </test-method> <!-- loginInvalid -->
      </class> <!-- testcases.LoginTest -->
      <class name="testcases.ProductAndCartTest">
        <test-method is-config="true" signature="init()[pri:0, instance:testcases.ProductAndCartTest@707194ba]" started-at="2025-09-09T10:57:50 IST" name="init" finished-at="2025-09-09T10:57:50 IST" duration-ms="3" status="PASS">
          <reporter-output>
          </reporter-output>
        </test-method> <!-- init -->
        <test-method signature="addToCartAndVerifyHeader()[pri:6, instance:testcases.ProductAndCartTest@707194ba]" started-at="2025-09-09T10:57:50 IST" name="addToCartAndVerifyHeader" finished-at="2025-09-09T10:58:00 IST" duration-ms="9714" status="FAIL">
          <exception class="java.lang.AssertionError">
            <message>
              <![CDATA[Header cart qty didn't update. expected [true] but found [false]]]>
            </message>
            <full-stacktrace>
              <![CDATA[java.lang.AssertionError: Header cart qty didn't update. expected [true] but found [false]
at org.testng.Assert.fail(Assert.java:111)
at org.testng.Assert.failNotEquals(Assert.java:1590)
at org.testng.Assert.assertTrue(Assert.java:57)
at testcases.ProductAndCartTest.addToCartAndVerifyHeader(ProductAndCartTest.java:38)
at java.base/jdk.internal.reflect.DirectMethodHandleAccessor.invoke(DirectMethodHandleAccessor.java:103)
at java.base/java.lang.reflect.Method.invoke(Method.java:580)
at org.testng.internal.invokers.MethodInvocationHelper.invokeMethod(MethodInvocationHelper.java:141)
at org.testng.internal.invokers.TestInvoker.invokeMethod(TestInvoker.java:687)
at org.testng.internal.invokers.TestInvoker.invokeTestMethod(TestInvoker.java:230)
at org.testng.internal.invokers.MethodRunner.runInSequence(MethodRunner.java:63)
at org.testng.internal.invokers.TestInvoker$MethodInvocationAgent.invoke(TestInvoker.java:995)
at org.testng.internal.invokers.TestInvoker.invokeTestMethods(TestInvoker.java:203)
at org.testng.internal.invokers.TestMethodWorker.invokeTestMethods(TestMethodWorker.java:154)
at org.testng.internal.invokers.TestMethodWorker.run(TestMethodWorker.java:134)
at java.base/java.util.ArrayList.forEach(ArrayList.java:1596)
at org.testng.TestRunner.privateRun(TestRunner.java:741)
at org.testng.TestRunner.run(TestRunner.java:616)
at org.testng.SuiteRunner.runTest(SuiteRunner.java:421)
at org.testng.SuiteRunner.runSequentially(SuiteRunner.java:413)
at org.testng.SuiteRunner.privateRun(SuiteRunner.java:373)
at org.testng.SuiteRunner.run(SuiteRunner.java:312)
at org.testng.SuiteRunnerWorker.runSuite(SuiteRunnerWorker.java:52)
at org.testng.SuiteRunnerWorker.run(SuiteRunnerWorker.java:95)
at org.testng.TestNG.runSuitesSequentially(TestNG.java:1274)
at org.testng.TestNG.runSuitesLocally(TestNG.java:1208)
at org.testng.TestNG.runSuites(TestNG.java:1112)
at org.testng.TestNG.run(TestNG.java:1079)
at org.testng.remote.AbstractRemoteTestNG.run(AbstractRemoteTestNG.java:115)
at org.testng.remote.RemoteTestNG.initAndRun(RemoteTestNG.java:293)
at org.testng.remote.RemoteTestNG.main(RemoteTestNG.java:91)
]]>
            </full-stacktrace>
          </exception> <!-- java.lang.AssertionError -->
          <reporter-output>
          </reporter-output>
        </test-method> <!-- addToCartAndVerifyHeader -->
        <test-method signature="viewCartAndVerifyQuantity()[pri:7, instance:testcases.ProductAndCartTest@707194ba]" started-at="2025-09-09T10:58:00 IST" name="viewCartAndVerifyQuantity" finished-at="2025-09-09T10:58:01 IST" duration-ms="837" status="PASS">
          <reporter-output>
          </reporter-output>
        </test-method> <!-- viewCartAndVerifyQuantity -->
      </class> <!-- testcases.ProductAndCartTest -->
    </test> <!-- Smoke -->
  </suite> <!-- NopCommerce Suite -->
</testng-results>
